0
50
100
150
200
250
300
350
400
450
500
550
600
650
700
REFERENCE: (0.09319239832791686, -1.5040417550902583, 4.075412699679382)
[0.07404961234963281, -1.4979967452245775, 4.082677328246666, 1.5899431293407555]
linear: 
  x: 3.0826773282466657
  y: 0.07404961234963281
  z: -1.4979967452245775
angular: 
  x: 0
  y: 0
  z: 1.5899431293407555
[0.07404961234963281, -1.4979967452245775, 4.082677328246666, 1.5899431293407555]
linear: 
  x: 3.0826773282466657
  y: 0.07404961234963281
  z: -1.4979967452245775
angular: 
  x: 0
  y: 0
  z: 1.5899431293407555
[0.09419277113337987, -1.5271833322958808, 4.056049637558594, 1.6090885655656257]
linear: 
  x: 3.056049637558594
  y: 0.09419277113337987
  z: -1.5271833322958808
angular: 
  x: 0
  y: 0
  z: 1.6090885655656257
[0.10174206058717683, -1.5044426544519824, 4.080220328428357, 1.6176232685692553]
linear: 
  x: 3.080220328428357
  y: 0.10174206058717683
  z: -1.5044426544519824
angular: 
  x: 0
  y: 0
  z: 1.6176232685692553
[0.10174206058717683, -1.5044426544519824, 4.080220328428357, 1.6176232685692553]
linear: 
  x: 3.080220328428357
  y: 0.10174206058717683
  z: -1.5044426544519824
angular: 
  x: 0
  y: 0
  z: 1.6176232685692553
[0.08682232106060295, -1.5104092363070205, 4.073479111297965, 1.602735595627619]
linear: 
  x: 3.0734791112979654
  y: 0.08682232106060295
  z: -1.5104092363070205
angular: 
  x: 0
  y: 0
  z: 1.602735595627619
[0.08682232106060295, -1.5104092363070205, 4.073479111297965, 1.602735595627619]
linear: 
  x: 3.0734791112979654
  y: 0.08682232106060295
  z: -1.5104092363070205
angular: 
  x: 0
  y: 0
  z: 1.602735595627619
[0.06526026263156148, -1.5152875863142148, 4.073019335423087, 1.5819960693416641]
linear: 
  x: 3.073019335423087
  y: 0.06526026263156148
  z: -1.5152875863142148
angular: 
  x: 0
  y: 0
  z: 1.5819960693416641
[0.04886014829978702, -1.4971149622751254, 4.08267436075251, 1.5644413580136582]
linear: 
  x: 3.0826743607525096
  y: 0.04886014829978702
  z: -1.4971149622751254
angular: 
  x: 0
  y: 0
  z: 1.5644413580136582
[0.04886014829978702, -1.4971149622751254, 4.08267436075251, 1.5644413580136582]
linear: 
  x: 3.0826743607525096
  y: 0.04886014829978702
  z: -1.4971149622751254
angular: 
  x: 0
  y: 0
  z: 1.5644413580136582
[0.115851843402619, -1.5188235388389595, 4.066350266665134, 1.6293864259329485]
linear: 
  x: 3.0663502666651343
  y: 0.115851843402619
  z: -1.5188235388389595
angular: 
  x: 0
  y: 0
  z: 1.6293864259329485
[0.115851843402619, -1.5188235388389595, 4.066350266665134, 1.6293864259329485]
linear: 
  x: 3.0663502666651343
  y: 0.115851843402619
  z: -1.5188235388389595
angular: 
  x: 0
  y: 0
  z: 1.6293864259329485
[0.07560999231567944, -1.4911852872683982, 4.084935302417467, 1.5914078913025786]
linear: 
  x: 3.084935302417467
  y: 0.07560999231567944
  z: -1.4911852872683982
angular: 
  x: 0
  y: 0
  z: 1.5914078913025786
[0.11971244242354295, -1.4996970619310348, 4.079707275430382, 1.6348936001162142]
linear: 
  x: 3.0797072754303816
  y: 0.11971244242354295
  z: -1.4996970619310348
angular: 
  x: 0
  y: 0
  z: 1.6348936001162142
[0.11971244242354295, -1.4996970619310348, 4.079707275430382, 1.6348936001162142]
linear: 
  x: 3.0797072754303816
  y: 0.11971244242354295
  z: -1.4996970619310348
angular: 
  x: 0
  y: 0
  z: 1.6348936001162142
[0.08057881412250367, -1.496123571331836, 4.079101942972269, 1.5975103811638356]
linear: 
  x: 3.079101942972269
  y: 0.08057881412250367
  z: -1.496123571331836
angular: 
  x: 0
  y: 0
  z: 1.5975103811638356
[0.08057881412250367, -1.496123571331836, 4.079101942972269, 1.5975103811638356]
linear: 
  x: 3.079101942972269
  y: 0.08057881412250367
  z: -1.496123571331836
angular: 
  x: 0
  y: 0
  z: 1.5975103811638356
[0.09194324794226238, -1.5000314465907256, 4.078764492760698, 1.6088923972359934]
linear: 
  x: 3.0787644927606976
  y: 0.09194324794226238
  z: -1.5000314465907256
angular: 
  x: 0
  y: 0
  z: 1.6088923972359934
[0.09194324794226238, -1.5000314465907256, 4.078764492760698, 1.6088923972359934]
linear: 
  x: 3.0787644927606976
  y: 0.09194324794226238
  z: -1.5000314465907256
angular: 
  x: 0
  y: 0
  z: 1.6088923972359934
[0.10378656472759684, -1.4982015762976268, 4.07363278686518, 1.620256026832481]
linear: 
  x: 3.07363278686518
  y: 0.10378656472759684
  z: -1.4982015762976268
angular: 
  x: 0
  y: 0
  z: 1.620256026832481
[0.0857833878603751, -1.4937520808378197, 4.0809341977204525, 1.602963857139485]
linear: 
  x: 3.0809341977204525
  y: 0.0857833878603751
  z: -1.4937520808378197
angular: 
  x: 0
  y: 0
  z: 1.602963857139485
[0.0857833878603751, -1.4937520808378197, 4.0809341977204525, 1.602963857139485]
linear: 
  x: 3.0809341977204525
  y: 0.0857833878603751
  z: -1.4937520808378197
angular: 
  x: 0
  y: 0
  z: 1.602963857139485
[0.1243116161371991, -1.531026801361464, 4.05666911682505, 1.6364571225496094]
linear: 
  x: 3.0566691168250504
  y: 0.1243116161371991
  z: -1.531026801361464
angular: 
  x: 0
  y: 0
  z: 1.6364571225496094
[0.1243116161371991, -1.531026801361464, 4.05666911682505, 1.6364571225496094]
linear: 
  x: 3.0566691168250504
  y: 0.1243116161371991
  z: -1.531026801361464
angular: 
  x: 0
  y: 0
  z: 1.6364571225496094
[0.10454809546643995, -1.5105896903324774, 4.071214504372088, 1.619416063049842]
linear: 
  x: 3.0712145043720884
  y: 0.10454809546643995
  z: -1.5105896903324774
angular: 
  x: 0
  y: 0
  z: 1.619416063049842
[0.09043973842944641, -1.5132267159084227, 4.076470641206872, 1.6059996659523461]
linear: 
  x: 3.076470641206872
  y: 0.09043973842944641
  z: -1.5132267159084227
angular: 
  x: 0
  y: 0
  z: 1.6059996659523461
[0.09043973842944641, -1.5132267159084227, 4.076470641206872, 1.6059996659523461]
linear: 
  x: 3.076470641206872
  y: 0.09043973842944641
  z: -1.5132267159084227
angular: 
  x: 0
  y: 0
  z: 1.6059996659523461
[0.07936567602194877, -1.5170989718849515, 4.071481131122503, 1.5955286331061849]
linear: 
  x: 3.0714811311225034
  y: 0.07936567602194877
  z: -1.5170989718849515
angular: 
  x: 0
  y: 0
  z: 1.5955286331061849
[0.07936567602194877, -1.5170989718849515, 4.071481131122503, 1.5955286331061849]
linear: 
  x: 3.0714811311225034
  y: 0.07936567602194877
  z: -1.5170989718849515
angular: 
  x: 0
  y: 0
  z: 1.5955286331061849
[0.12997208953713524, -1.4872531936292137, 4.080955709153812, 1.6469463683131604]
linear: 
  x: 3.0809557091538116
  y: 0.12997208953713524
  z: -1.4872531936292137
angular: 
  x: 0
  y: 0
  z: 1.6469463683131604
[0.13202048341186678, -1.4940731053234266, 4.080735637687566, 1.6474429748520656]
linear: 
  x: 3.0807356376875656
  y: 0.13202048341186678
  z: -1.4940731053234266
angular: 
  x: 0
  y: 0
  z: 1.6474429748520656
[0.13202048341186678, -1.4940731053234266, 4.080735637687566, 1.6474429748520656]
linear: 
  x: 3.0807356376875656
  y: 0.13202048341186678
  z: -1.4940731053234266
angular: 
  x: 0
  y: 0
  z: 1.6474429748520656
[0.13202048341186678, -1.4940731053234266, 4.080735637687566, 1.6474429748520656]
linear: 
  x: 3.0807356376875656
  y: 0.13202048341186678
  z: -1.4940731053234266
angular: 
  x: 0
  y: 0
  z: 1.6474429748520656
[0.10169952127376503, -1.486878564332757, 4.08245533644865, 1.6190251029813516]
linear: 
  x: 3.0824553364486498
  y: 0.10169952127376503
  z: -1.486878564332757
angular: 
  x: 0
  y: 0
  z: 1.6190251029813516
[0.08935219831266905, -1.5243474410662825, 4.068396778165008, 1.6049524059257287]
linear: 
  x: 3.068396778165008
  y: 0.08935219831266905
  z: -1.5243474410662825
angular: 
  x: 0
  y: 0
  z: 1.6049524059257287
[0.08935219831266905, -1.5243474410662825, 4.068396778165008, 1.6049524059257287]
linear: 
  x: 3.068396778165008
  y: 0.08935219831266905
  z: -1.5243474410662825
angular: 
  x: 0
  y: 0
  z: 1.6049524059257287
[0.05712118195941862, -1.5060317589268308, 4.072439041380192, 1.5746218579469018]
linear: 
  x: 3.072439041380192
  y: 0.05712118195941862
  z: -1.5060317589268308
angular: 
  x: 0
  y: 0
  z: 1.5746218579469018
[0.05712118195941862, -1.5060317589268308, 4.072439041380192, 1.5746218579469018]
linear: 
  x: 3.072439041380192
  y: 0.05712118195941862
  z: -1.5060317589268308
angular: 
  x: 0
  y: 0
  z: 1.5746218579469018
